
 FDS+Evac Evacuation Module

 FDS+Evac Compilation Date: Wed, 26 Mar 2014
 FDS+Evac Version         : 2.5.0
 FDS+Evac SVN Revision No.: 18810

 FDS+Evac Color_Method    :-1
 FDS+Evac Vis_Door_Crit   :  100.00000000 m
 FDS+Evac: FED activity level is light work
 FDS+Evac: Default mass extinction coeff is used:      8700.00
 FDS+Evac Number of evacuation devices written to the FED file:    0
 FDS+Evac FED File: case2_left_evac.fed is calculated and used
 FDS+Evac EFF File: case2_left_evac.eff is (re)calculated and used

 EVAC: Time     0.00 mesh 2 number of humans 4

 INIT: Nash Changes per agent close enough:     0.0000    0.0500
 INIT: Changes per agent           0.75, Nash iterations       2

 EVAC: Initial positions of the agents
 Agent      X       Y       Z    Tpre    Tdet   Dia    V0   Tau   I_gr I_ff
     1    6.87    2.48    1.00    0.00    0.00  0.54  1.09  1.00    -1   2   1
     2    9.28    1.29    1.00    0.00    0.00  0.45  0.95  1.16    -2   2   1
     3    8.06    8.97    1.00    0.00    0.00  0.55  1.49  0.88    -3   2   1
     4    5.62    3.09    1.00    0.00    0.00  0.57  1.22  1.07    -4   2   1


