
 FDS+Evac Evacuation Module

 FDS+Evac Compilation Date: Wed, 26 Mar 2014
 FDS+Evac Version         : 2.5.0
 FDS+Evac SVN Revision No.: 18810

 FDS+Evac Color_Method    :-1
 FDS+Evac Vis_Door_Crit   :  100.00000000 m
 FDS+Evac: FED activity level is light work
 FDS+Evac: Default mass extinction coeff is used:      8700.00
 FDS+Evac Number of evacuation devices written to the FED file:    0
 FDS+Evac FED File: case1_right_evac.fed is calculated and used
 FDS+Evac EFF File: case1_right_evac.eff is (re)calculated and used

 EVAC: Time     0.00 mesh 2 number of humans 4

 INIT: Nash Changes per agent close enough:     0.0000    0.0500
 INIT: Changes per agent           0.75, Nash iterations       2

 EVAC: Initial positions of the agents
 Agent      X       Y       Z    Tpre    Tdet   Dia    V0   Tau   I_gr I_ff
     1    4.72    8.33    1.00    0.00    0.00  0.49  1.18  0.86    -1   2   1
     2    6.28    3.23    1.00    0.00    0.00  0.51  1.07  1.02    -2   2   1
     3    7.23    8.08    1.00    0.00    0.00  0.57  0.97  0.88    -3   2   1
     4    2.37    8.98    1.00    0.00    0.00  0.47  1.31  0.89    -4   2   1


