
 FDS+Evac Evacuation Module

 FDS+Evac Compilation Date: Wed, 26 Mar 2014
 FDS+Evac Version         : 2.5.0
 FDS+Evac SVN Revision No.: 18810

 FDS+Evac Color_Method    :-1
 FDS+Evac Vis_Door_Crit   :  100.00000000 m
 FDS+Evac: FED activity level is light work
 FDS+Evac: Default mass extinction coeff is used:      8700.00
 FDS+Evac Number of evacuation devices written to the FED file:    0
 FDS+Evac FED File: case0_all_evac.fed is calculated and used
 FDS+Evac EFF File: case0_all_evac.eff is (re)calculated and used

 EVAC: Time     0.00 mesh 2 number of humans 3

 INIT: Nash Changes per agent close enough:     0.0000    0.0500
 INIT: Changes per agent           1.00, Nash iterations       2

 EVAC: Initial positions of the agents
 Agent      X       Y       Z    Tpre    Tdet   Dia    V0   Tau   I_gr I_ff
     1    2.96    3.07    1.00    0.00    0.00  0.47  1.26  1.14    -1   2   1
     2    5.26    0.53    1.00    0.00    0.00  0.49  1.21  0.96    -2   2   1
     3    2.80    6.79    1.00    0.00    0.00  0.46  1.45  1.17    -3   2   1


 Agent n:o     2 out at     1.16 s, exit exit 1, FED=  0.0000, Color_i=   1  1  2
