
 Fire Dynamics Simulator

 Compilation Date : Wed, 28 May 2014
 Version          : FDS 6.1.0 Serial

 OpenMP Enabled

 Number of OpenMP threads:   4

 SVN Revision No. : 19412

 Job TITLE        : 
 Job ID string    : case0_all


 Grid Dimensions, Mesh     1

   Cells in the X Direction            40
   Cells in the Y Direction            40
   Cells in the Z Direction            12


 Physical Dimensions, Mesh     1

   Length (m)                      11.900
   Width  (m)                      10.000
   Height (m)                       3.000
   Initial Time Step (s)            0.242

 Grid Dimensions, Mesh     2

   Cells in the X Direction            40
   Cells in the Y Direction            40
   Cells in the Z Direction             1


 Physical Dimensions, Mesh     2

   Length (m)                      10.000
   Width  (m)                      10.000
   Height (m)                       1.200
   Initial Time Step (s)            0.010

 Grid Dimensions, Mesh     3

   Cells in the X Direction            40
   Cells in the Y Direction            40
   Cells in the Z Direction             1


 Physical Dimensions, Mesh     3

   Length (m)                      10.000
   Width  (m)                      10.000
   Height (m)                       0.580
   Initial Time Step (s)            0.010


 Miscellaneous Parameters

   Simulation Start Time (s)          0.0
   Simulation End Time (s)            1.0
   LES Calculation
   Deardorff Model (C_DEARDORFF)     0.10
   Turbulent Prandtl Number          0.50
   Ambient Temperature (C)          20.00


 Mass Fraction Transformation Matrix to Convert Species Mixtures (Columns) to Primitive Species (Rows)

                         AIR     
   NITROGEN              0.763018
   OXYGEN                0.231164
   CARBON DIOXIDE        0.000592
   WATER VAPOR           0.005226


 Primitive Species Information

   NITROGEN                                                    
   Gas Species
   Molecular Weight (g/mol)            28.01340
   Ambient Density (kg/m^3)            1.165
   Enthalpy of Formation (J/kg)        0.00E+00

   OXYGEN                                                      
   Gas Species
   Molecular Weight (g/mol)            31.99880
   Ambient Density (kg/m^3)            1.330
   Enthalpy of Formation (J/kg)        0.00E+00

   CARBON DIOXIDE                                              
   Gas Species
   Molecular Weight (g/mol)            44.00950
   Ambient Density (kg/m^3)            1.830
   Enthalpy of Formation (J/kg)       -8.94E+06

   WATER VAPOR                                                 
   Gas Species
   Molecular Weight (g/mol)            18.01528
   Ambient Density (kg/m^3)            0.749
   Enthalpy of Formation (J/kg)       -1.34E+07


 Tracked (Lumped) Species Information

   AIR                                                         
   Background Species
   Molecular Weight (g/mol)            28.76431
   Ambient Density (kg/m^3)            1.196
   Initial Mass Fraction               1.000
   Enthalpy of Formation (J/kg)     -7.54E+04

   Sub Species                    Mass Fraction     Mole Fraction
   NITROGEN                       7.630183E-01      7.834714E-01
   OXYGEN                         2.311635E-01      2.077972E-01
   CARBON DIOXIDE                 5.918904E-04      3.868556E-04
   WATER VAPOR                    5.226257E-03      8.344566E-03
 
   Viscosity (kg/m/s)   Ambient (293 K):  1.79E-05
                                  500 K:  2.61E-05
                                 1000 K:  4.12E-05
                                 1500 K:  5.36E-05
   Therm. Cond. (W/m/K) Ambient (293 K):  3.62E-02
                                  500 K:  5.41E-02
                                 1000 K:  9.44E-02
                                 1500 K:  1.31E-01
   Spec. Heat (J/kg/K)  Ambient (293 K):  1.01E+03
                                  500 K:  1.04E+03
                                 1000 K:  1.15E+03
                                 1500 K:  1.22E+03
   Diff. Coeff. (m^2/s) Ambient (293 K):  1.99E-05
                                  500 K:  4.96E-05
                                 1000 K:  1.58E-04
                                 1500 K:  3.09E-04


 Material Information

   1 GYPSUM PLASTER                                              
     Quintiere, Fire Behavior - NIST NRC Validation
     Emissivity                      0.900
     Density (kg/m3)                1440.0
     Specific Heat (kJ/kg/K)          0.84
     Conductivity (W/m/K)           0.4800


 Surface Conditions

   0 INERT (DEFAULT)

   1 wall
     Material List
          1  GYPSUM PLASTER                                              
     Layer  1
        Thickness   (m):  0.01200
        Density (kg/m3):  1440.00
        GYPSUM PLASTER, Mass fraction:    1.00
     Total surface density    17.280 kg/m2
     Reaction products considered from the first  0.50 layers.
     Solid Phase Node, Layer, Coordinates(m):
                    0      1       0.0000000
                    1      1       0.0005455
                    2      1       0.0016364
                    3      1       0.0038182
                    4      1       0.0081818
                    5      1       0.0103636
                    6      1       0.0114545
                    7      1       0.0120000
     Exposed Backing

   2 outflow
     Normal Velocity (m/s)         0.000
     AIR Mass Fraction         1.000

   3 OPEN
     Passive Vent to Atmosphere

   4 MIRROR
     Symmetry Plane

   5 INTERPOLATED

   6 PERIODIC

   7 HVAC

   8 MASSLESS TRACER

   9 DROPLET

  10 VEGETATION

  11 EVACUATION_OUTFLOW
     Normal Velocity (m/s)         0.000

  12 MASSLESS TARGET


 Radiation Model Information

   Number of control angles  104
   Time step increment         3
   Angle increment             5
   Theta band N_phi   Solid angle
     1:        4  0.12
     2:       12  0.11
     3:       16  0.13
     4:       20  0.12
     5:       20  0.12
     6:       16  0.13
     7:       12  0.11
     8:        4  0.12
   Using gray gas absorption.
   Mean beam length  1.325 m
 
 
       Time Step     -99   September 23, 2021  21:07:54
       Pressure Iterations:      1
       Maximum Velocity Error:  0.28E-07 on Mesh   2 at (  20  39   1)
       ----------------------------------------------
       Mesh    1, Cycle       0
       CPU/step:     0.568 s, Total CPU:        0.57 s
       Time step:  0.24184 s, Total time:       0.00 s
       Max CFL number:  0.00E+00 at (  0,  0,  0)
       Max divergence:  0.00E+00 at (  0,  0,  0)
       Min divergence:  0.00E+00 at (  0,  0,  0)
       Mesh    2, Cycle       1
       CPU/step:     0.089 s, Total CPU:        0.09 s
       Time step:  0.01000 s, Total time:       0.01 s
       Max CFL number:  0.00E+00 at (  0,  0,  0)
       Max divergence:  0.25E-08 at ( 30, 38,  1)
       Min divergence:  0.25E-08 at ( 29, 37,  1)
       Mesh    3, Cycle       0
       CPU/step:     0.002 s, Total CPU:        0.00 s
       Time step:  0.01000 s, Total time:       0.00 s
       Max CFL number:  0.00E+00 at (  0,  0,  0)
       Max divergence:  0.00E+00 at (  0,  0,  0)
       Min divergence:  0.00E+00 at (  0,  0,  0)
 
       Time Step     -49   September 23, 2021  21:07:55
       Pressure Iterations:      1
       Maximum Velocity Error:  0.28E-07 on Mesh   2 at (  20   2   1)
       ----------------------------------------------
       Mesh    1, Cycle       0
       CPU/step:     0.000 s, Total CPU:        0.57 s
       Time step:  0.24184 s, Total time:       0.00 s
       Max CFL number:  0.00E+00 at (  0,  0,  0)
       Max divergence:  0.00E+00 at (  0,  0,  0)
       Min divergence:  0.00E+00 at (  0,  0,  0)
       Mesh    2, Cycle      51
       CPU/step:     0.008 s, Total CPU:        0.48 s
       Time step:  0.01000 s, Total time:       0.51 s
       Max CFL number:  0.00E+00 at (  0,  0,  0)
       Max divergence:  0.25E-08 at ( 39,  3,  1)
       Min divergence:  0.25E-08 at ( 25,  2,  1)
       Mesh    3, Cycle       0
       CPU/step:     0.000 s, Total CPU:        0.00 s
       Time step:  0.01000 s, Total time:       0.50 s
       Max CFL number:  0.00E+00 at (  0,  0,  0)
       Max divergence:  0.00E+00 at (  0,  0,  0)
       Min divergence:  0.00E+00 at (  0,  0,  0)
 

 Run Time Diagnostics

       Time Step       1   September 23, 2021  21:07:55
       Pressure Iterations:      1
       Maximum Velocity Error:  0.53E-04 on Mesh   1 at (   7  33  10)
       ----------------------------------------------
       Mesh    1, Cycle       1
       CPU/step:     0.049 s, Total CPU:        0.62 s
       Time step:  0.24184 s, Total time:       0.24 s
       Max CFL number:  0.17E-01 at ( 13, 13,  4)
       Max divergence:  0.11E-05 at ( 32, 22,  5)
       Min divergence: -0.12E-05 at ( 18,  2,  3)
       Poisson Pert. :  0.38E-07
       Radiation Loss to Boundaries:        -0.001 kW
       Mesh    2, Cycle     105
       CPU/step:     0.008 s, Total CPU:        0.89 s
       Time step:  0.05000 s, Total time:       0.25 s
       Max CFL number:  0.00E+00 at (  0,  0,  0)
       Max divergence:  0.00E+00 at (  0,  0,  0)
       Min divergence:  0.00E+00 at (  0,  0,  0)
       Mesh    3, Cycle       0
       CPU/step:     0.000 s, Total CPU:        0.00 s
       Time step:  0.05000 s, Total time:       0.25 s
       Max CFL number:  0.00E+00 at (  0,  0,  0)
       Max divergence:  0.00E+00 at (  0,  0,  0)
       Min divergence:  0.00E+00 at (  0,  0,  0)
 
       Time Step       2   September 23, 2021  21:07:55
       Pressure Iterations:      1
       Maximum Velocity Error:  0.13E-04 on Mesh   1 at (   7  33  10)
       ----------------------------------------------
       Mesh    1, Cycle       2
       CPU/step:     0.052 s, Total CPU:        0.67 s
       Time step:  0.24184 s, Total time:       0.48 s
       Max CFL number:  0.17E-01 at ( 13, 13,  4)
       Max divergence:  0.11E-05 at ( 32, 22,  5)
       Min divergence: -0.12E-05 at ( 18,  2,  3)
       Radiation Loss to Boundaries:        -0.001 kW
       Mesh    2, Cycle     110
       CPU/step:     0.000 s, Total CPU:        0.89 s
       Time step:  0.05000 s, Total time:       0.50 s
       Max CFL number:  0.00E+00 at (  0,  0,  0)
       Max divergence:  0.00E+00 at (  0,  0,  0)
       Min divergence:  0.00E+00 at (  0,  0,  0)
       Mesh    3, Cycle       0
       CPU/step:     0.000 s, Total CPU:        0.00 s
       Time step:  0.05000 s, Total time:       0.50 s
       Max CFL number:  0.00E+00 at (  0,  0,  0)
       Max divergence:  0.00E+00 at (  0,  0,  0)
       Min divergence:  0.00E+00 at (  0,  0,  0)
 
       Time Step       3   September 23, 2021  21:07:56
       Pressure Iterations:      1
       Maximum Velocity Error:  0.48E-05 on Mesh   1 at (  23   3   1)
       ----------------------------------------------
       Mesh    1, Cycle       3
       CPU/step:     0.090 s, Total CPU:        0.76 s
       Time step:  0.24184 s, Total time:       0.73 s
       Max CFL number:  0.17E-01 at ( 13, 13,  4)
       Max divergence:  0.11E-05 at ( 32, 22,  5)
       Min divergence: -0.12E-05 at ( 18,  2,  3)
       Poisson Pert. : -0.36E-07
       Mesh    2, Cycle     115
       CPU/step:     0.000 s, Total CPU:        0.89 s
       Time step:  0.05000 s, Total time:       0.75 s
       Max CFL number:  0.00E+00 at (  0,  0,  0)
       Max divergence:  0.00E+00 at (  0,  0,  0)
       Min divergence:  0.00E+00 at (  0,  0,  0)
       Mesh    3, Cycle       0
       CPU/step:     0.001 s, Total CPU:        0.00 s
       Time step:  0.05000 s, Total time:       0.75 s
       Max CFL number:  0.00E+00 at (  0,  0,  0)
       Max divergence:  0.00E+00 at (  0,  0,  0)
       Min divergence:  0.00E+00 at (  0,  0,  0)
 
       Time Step       4   September 23, 2021  21:07:56
       Pressure Iterations:      1
       Maximum Velocity Error:  0.43E-05 on Mesh   1 at (  34  13   7)
       ----------------------------------------------
       Mesh    1, Cycle       4
       CPU/step:     0.057 s, Total CPU:        0.82 s
       Time step:  0.24184 s, Total time:       0.97 s
       Max CFL number:  0.17E-01 at ( 13, 13,  4)
       Max divergence:  0.11E-05 at ( 32, 22,  5)
       Min divergence: -0.12E-05 at ( 18,  2,  3)
       Mesh    2, Cycle     120
       CPU/step:     0.000 s, Total CPU:        0.90 s
       Time step:  0.05000 s, Total time:       1.00 s
       Max CFL number:  0.00E+00 at (  0,  0,  0)
       Max divergence:  0.00E+00 at (  0,  0,  0)
       Min divergence:  0.00E+00 at (  0,  0,  0)
       Mesh    3, Cycle       0
       CPU/step:     0.000 s, Total CPU:        0.00 s
       Time step:  0.05000 s, Total time:       1.00 s
       Max CFL number:  0.00E+00 at (  0,  0,  0)
       Max divergence:  0.00E+00 at (  0,  0,  0)
       Min divergence:  0.00E+00 at (  0,  0,  0)
 
       Time Step       5   September 23, 2021  21:07:56
       Pressure Iterations:      1
       Maximum Velocity Error:  0.34E-05 on Mesh   1 at (  34  10   2)
       ----------------------------------------------
       Mesh    1, Cycle       5
       CPU/step:     0.050 s, Total CPU:        0.87 s
       Time step:  0.24184 s, Total time:       1.21 s
       Max CFL number:  0.17E-01 at ( 13, 13,  4)
       Max divergence:  0.11E-05 at ( 32, 22,  5)
       Min divergence: -0.12E-05 at ( 18,  2,  3)
       Mesh    2, Cycle     125
       CPU/step:     0.000 s, Total CPU:        0.90 s
       Time step:  0.05000 s, Total time:       1.25 s
       Max CFL number:  0.00E+00 at (  0,  0,  0)
       Max divergence:  0.00E+00 at (  0,  0,  0)
       Min divergence:  0.00E+00 at (  0,  0,  0)
       Mesh    3, Cycle       0
       CPU/step:     0.000 s, Total CPU:        0.00 s
       Time step:  0.05000 s, Total time:       1.25 s
       Max CFL number:  0.00E+00 at (  0,  0,  0)
       Max divergence:  0.00E+00 at (  0,  0,  0)
       Min divergence:  0.00E+00 at (  0,  0,  0)
 


 CPU Time Usage, Mesh   1

                 CPU (s)        %  
       ----------------------------
       MAIN         3.12     100.00
       DIVG         0.09       2.75
       MASS         0.01       0.40
       VELO         0.10       3.19
       PRES         0.03       0.81
       WALL         0.06       2.01
       DUMP         0.01       0.34
       PART         0.00       0.00
       RADI         0.57      18.25
       FIRE         0.00       0.00
       COMM         0.00       0.02
       SubTot       0.87      27.77


 CPU Time Usage, Mesh   2

                 CPU (s)        %  
       ----------------------------
       MAIN         3.12     100.00
       DIVG         0.01       0.42
       MASS         0.00       0.00
       VELO         0.08       2.43
       PRES         0.69      22.12
       WALL         0.00       0.00
       DUMP         0.10       3.07
       PART         0.00       0.00
       RADI         0.00       0.00
       FIRE         0.00       0.00
       COMM         0.00       0.02
       EVAC         0.02       0.70
        FOR         0.00       0.05
        P2P         0.00       0.00
        MOV         0.02       0.53
       SubTot       0.90      28.76


 CPU Time Usage, Mesh   3

                 CPU (s)        %  
       ----------------------------
       MAIN         3.12     100.00
       DIVG         0.00       0.01
       MASS         0.00       0.00
       VELO         0.00       0.00
       PRES         0.00       0.00
       WALL         0.00       0.00
       DUMP         0.00       0.10
       PART         0.00       0.00
       RADI         0.00       0.00
       FIRE         0.00       0.00
       COMM         0.00       0.02
       SubTot       0.00       0.14


 Time Stepping Wall Clock Time (s):        1.428
 Total Elapsed Wall Clock Time (s):        3.118

STOP: FDS completed successfully
