
 FDS+Evac Evacuation Module

 FDS+Evac Compilation Date: Wed, 26 Mar 2014
 FDS+Evac Version         : 2.5.0
 FDS+Evac SVN Revision No.: 18810

 FDS+Evac Color_Method    :-1
 FDS+Evac Vis_Door_Crit   :  100.00000000 m
 FDS+Evac: FED activity level is light work
 FDS+Evac: Default mass extinction coeff is used:      8700.00
 FDS+Evac Number of evacuation devices written to the FED file:    0
 FDS+Evac FED File: case2_left_evac.fed is calculated and used
 FDS+Evac EFF File: case2_left_evac.eff is (re)calculated and used

 EVAC: Time     0.00 mesh 2 number of humans 5

 INIT: Nash Changes per agent close enough:     0.0000    0.0500
 INIT: Changes per agent           0.80, Nash iterations       2

 EVAC: Initial positions of the agents
 Agent      X       Y       Z    Tpre    Tdet   Dia    V0   Tau   I_gr I_ff
     1    9.09    1.26    1.00    0.00    0.00  0.57  1.33  1.05    -1   2   1
     2    5.96    0.40    1.00    0.00    0.00  0.46  1.20  1.10    -2   2   1
     3    7.60    4.25    1.00    0.00    0.00  0.54  1.13  1.04    -3   2   1
     4    7.14    1.30    1.00    0.00    0.00  0.56  1.03  0.87    -4   2   1
     5    8.89    6.02    1.00    0.00    0.00  0.46  1.35  1.13    -5   2   1


 Agent n:o     2 out at     0.95 s, exit exit 1, FED=  0.0000, Color_i=   1  1  2
