
 FDS+Evac Evacuation Module

 FDS+Evac Compilation Date: Wed, 26 Mar 2014
 FDS+Evac Version         : 2.5.0
 FDS+Evac SVN Revision No.: 18810

 FDS+Evac Color_Method    :-1
 FDS+Evac Vis_Door_Crit   :  100.00000000 m
 FDS+Evac: FED activity level is light work
 FDS+Evac: Default mass extinction coeff is used:      8700.00
 FDS+Evac Number of evacuation devices written to the FED file:    0
 FDS+Evac FED File: case2_left_evac.fed is calculated and used
 FDS+Evac EFF File: case2_left_evac.eff is (re)calculated and used

 EVAC: Time     0.00 mesh 2 number of humans 5

 INIT: Nash Changes per agent close enough:     0.0000    0.0500
 INIT: Changes per agent           1.00, Nash iterations       2

 EVAC: Initial positions of the agents
 Agent      X       Y       Z    Tpre    Tdet   Dia    V0   Tau   I_gr I_ff
     1    7.79    3.38    1.00    0.00    0.00  0.56  0.97  1.15    -1   2   1
     2    6.06    7.31    1.00    0.00    0.00  0.45  1.43  1.12    -2   2   1
     3    8.94    8.80    1.00    0.00    0.00  0.57  1.49  0.85    -3   2   1
     4    6.51    9.53    1.00    0.00    0.00  0.55  1.22  0.87    -4   2   1
     5    7.11    7.36    1.00    0.00    0.00  0.48  1.49  1.18    -5   2   1


