
 FDS+Evac Evacuation Module

 FDS+Evac Compilation Date: Wed, 26 Mar 2014
 FDS+Evac Version         : 2.5.0
 FDS+Evac SVN Revision No.: 18810

 FDS+Evac Color_Method    :-1
 FDS+Evac Vis_Door_Crit   :  100.00000000 m
 FDS+Evac: FED activity level is light work
 FDS+Evac: Default mass extinction coeff is used:      8700.00
 FDS+Evac Number of evacuation devices written to the FED file:    0
 FDS+Evac FED File: case2_all_evac.fed is calculated and used
 FDS+Evac EFF File: case2_all_evac.eff is (re)calculated and used

 EVAC: Time     0.00 mesh 2 number of humans 5

 INIT: Nash Changes per agent close enough:     0.0000    0.0500
 INIT: Changes per agent           1.00, Nash iterations       2

 EVAC: Initial positions of the agents
 Agent      X       Y       Z    Tpre    Tdet   Dia    V0   Tau   I_gr I_ff
     1    6.30    8.18    1.00    0.00    0.00  0.58  1.55  0.89    -1   2   1
     2    2.36    8.44    1.00    0.00    0.00  0.46  1.17  1.09    -2   2   1
     3    7.47    0.87    1.00    0.00    0.00  0.45  1.21  1.07    -3   2   1
     4    7.18    5.49    1.00    0.00    0.00  0.46  1.00  1.10    -4   2   1
     5    8.64    8.40    1.00    0.00    0.00  0.55  1.35  1.16    -5   2   1


