
 FDS+Evac Evacuation Module

 FDS+Evac Compilation Date: Wed, 26 Mar 2014
 FDS+Evac Version         : 2.5.0
 FDS+Evac SVN Revision No.: 18810

 FDS+Evac Color_Method    :-1
 FDS+Evac Vis_Door_Crit   :  100.00000000 m
 FDS+Evac: FED activity level is light work
 FDS+Evac: Default mass extinction coeff is used:      8700.00
 FDS+Evac Number of evacuation devices written to the FED file:    0
 FDS+Evac FED File: case1_right_evac.fed is calculated and used
 FDS+Evac EFF File: case1_right_evac.eff is (re)calculated and used

 EVAC: Time     0.00 mesh 2 number of humans 5

 INIT: Nash Changes per agent close enough:     0.0000    0.0500
 INIT: Changes per agent           0.80, Nash iterations       2

 EVAC: Initial positions of the agents
 Agent      X       Y       Z    Tpre    Tdet   Dia    V0   Tau   I_gr I_ff
     1    7.64    5.03    1.00    0.00    0.00  0.49  1.12  0.98    -1   2   1
     2    5.73    6.63    1.00    0.00    0.00  0.47  1.39  0.80    -2   2   1
     3    8.31    7.38    1.00    0.00    0.00  0.45  1.34  1.05    -3   2   1
     4    4.91    7.39    1.00    0.00    0.00  0.45  1.17  1.01    -4   2   1
     5    8.33    9.09    1.00    0.00    0.00  0.45  1.05  1.02    -5   2   1


