
 FDS+Evac Evacuation Module

 FDS+Evac Compilation Date: Wed, 26 Mar 2014
 FDS+Evac Version         : 2.5.0
 FDS+Evac SVN Revision No.: 18810

 FDS+Evac Color_Method    :-1
 FDS+Evac Vis_Door_Crit   :  100.00000000 m
 FDS+Evac: FED activity level is light work
 FDS+Evac: Default mass extinction coeff is used:      8700.00
 FDS+Evac Number of evacuation devices written to the FED file:    0
 FDS+Evac FED File: case2_left_evac.fed is calculated and used
 FDS+Evac EFF File: case2_left_evac.eff is (re)calculated and used

 EVAC: Time     0.00 mesh 2 number of humans 4

 INIT: Nash Changes per agent close enough:     0.0000    0.0500
 INIT: Changes per agent           1.00, Nash iterations       2

 EVAC: Initial positions of the agents
 Agent      X       Y       Z    Tpre    Tdet   Dia    V0   Tau   I_gr I_ff
     1    4.29    7.80    1.00    0.00    0.00  0.50  0.98  0.91    -1   2   1
     2    6.90    7.40    1.00    0.00    0.00  0.48  1.46  0.87    -2   2   1
     3    5.24    6.88    1.00    0.00    0.00  0.54  1.03  1.10    -3   2   1
     4    2.73    3.23    1.00    0.00    0.00  0.46  1.14  0.99    -4   2   1


