
 FDS+Evac Evacuation Module

 FDS+Evac Compilation Date: Wed, 26 Mar 2014
 FDS+Evac Version         : 2.5.0
 FDS+Evac SVN Revision No.: 18810

 FDS+Evac Color_Method    :-1
 FDS+Evac Vis_Door_Crit   :  100.00000000 m
 FDS+Evac: FED activity level is light work
 FDS+Evac: Default mass extinction coeff is used:      8700.00
 FDS+Evac Number of evacuation devices written to the FED file:    0
 FDS+Evac FED File: case2_left_evac.fed is calculated and used
 FDS+Evac EFF File: case2_left_evac.eff is (re)calculated and used

 EVAC: Time     0.00 mesh 2 number of humans 4

 INIT: Nash Changes per agent close enough:     0.0000    0.0500
 INIT: Changes per agent           1.00, Nash iterations       2

 EVAC: Initial positions of the agents
 Agent      X       Y       Z    Tpre    Tdet   Dia    V0   Tau   I_gr I_ff
     1    7.41    8.47    1.00    0.00    0.00  0.57  1.36  0.89    -1   2   1
     2    4.64    9.27    1.00    0.00    0.00  0.58  1.01  1.12    -2   2   1
     3    6.30    6.47    1.00    0.00    0.00  0.55  1.33  1.04    -3   2   1
     4    5.55    2.24    1.00    0.00    0.00  0.46  1.31  1.11    -4   2   1


